<?xml version="1.0" encoding="UTF-8"?>
<!-- Generated by org.testng.reporters.JUnitReportReporter -->
<testsuite hostname="DESKTOP-EC9CD9G" failures="0" tests="1" name="TestScripts.Demo" time="13.705" errors="0" timestamp="2025-10-22T22:33:59 IST" skipped="0">
  <testcase classname="TestScripts.Demo" name="VerifyHomePage" time="13.705">
    <system-out>
      <![CDATA[Login Page Verifcation Sucessfull
Verifcation done
Order Summary-Validation-Successfull
Thank you for your order!]]>
    </system-out>
  </testcase> <!-- VerifyHomePage -->
  <system-out>
    <![CDATA[Database connected successfully
Browser Launched successfully
Login Page Verifcation Sucessfull
Verifcation done
Order Summary-Validation-Successfull
Thank you for your order!
Database Disconnected]]>
  </system-out>
</testsuite> <!-- TestScripts.Demo -->
