<?xml version="1.0" encoding="UTF-8"?>
<!-- Generated by org.testng.reporters.JUnitReportReporter -->
<testsuite hostname="DESKTOP-EC9CD9G" failures="0" tests="1" name="TestScripts.Demo" time="11.590" errors="0" timestamp="2025-10-24T00:26:03 IST" skipped="0">
  <testcase classname="TestScripts.Demo" name="VerifyHomePage" time="11.590">
    <system-out>
      <![CDATA[Login Page Verified Sucessfully
Cart Validation Sucessfull
Order Summary Validation Sucessfull
Thank you for your order!]]>
    </system-out>
  </testcase> <!-- VerifyHomePage -->
  <system-out>
    <![CDATA[Database connected successfully
Browser Launched successfully
Login Page Verified Sucessfully
Cart Validation Sucessfull
Order Summary Validation Sucessfull
Thank you for your order!
Database Disconnected]]>
  </system-out>
</testsuite> <!-- TestScripts.Demo -->
